  [1m[35m (61.2ms)[0m  [1m[35mCREATE DATABASE "us_parks_api_development" ENCODING = 'unicode'[0m
  [1m[35m (57.6ms)[0m  [1m[35mCREATE DATABASE "us_parks_api_test" ENCODING = 'unicode'[0m
  [1m[35m (6.0ms)[0m  [1m[35mCREATE TABLE "schema_migrations" ("version" character varying NOT NULL PRIMARY KEY)[0m
  [1m[35m (3.7ms)[0m  [1m[35mCREATE TABLE "ar_internal_metadata" ("key" character varying NOT NULL PRIMARY KEY, "value" character varying, "created_at" timestamp(6) NOT NULL, "updated_at" timestamp(6) NOT NULL)[0m
  [1m[35m (0.2ms)[0m  [1m[34mSELECT pg_try_advisory_lock(3143646318693608280)[0m
  [1m[35m (0.6ms)[0m  [1m[34mSELECT "schema_migrations"."version" FROM "schema_migrations" ORDER BY "schema_migrations"."version" ASC[0m
Migrating to CreateParks (20200924164553)
  [1m[35m (0.1ms)[0m  [1m[35mBEGIN[0m
  [1m[35m (5.3ms)[0m  [1m[35mCREATE TABLE "parks" ("id" bigserial primary key, "name" character varying, "description" character varying, "location" character varying, "avg_visitors" integer, "created_at" timestamp(6) NOT NULL, "updated_at" timestamp(6) NOT NULL)[0m
  [1m[36mprimary::SchemaMigration Create (0.4ms)[0m  [1m[32mINSERT INTO "schema_migrations" ("version") VALUES ($1) RETURNING "version"[0m  [["version", "20200924164553"]]
  [1m[35m (0.3ms)[0m  [1m[35mCOMMIT[0m
  [1m[36mActiveRecord::InternalMetadata Load (0.3ms)[0m  [1m[34mSELECT "ar_internal_metadata".* FROM "ar_internal_metadata" WHERE "ar_internal_metadata"."key" = $1 LIMIT $2[0m  [["key", "environment"], ["LIMIT", 1]]
  [1m[35m (0.1ms)[0m  [1m[35mBEGIN[0m
  [1m[36mActiveRecord::InternalMetadata Create (0.5ms)[0m  [1m[32mINSERT INTO "ar_internal_metadata" ("key", "value", "created_at", "updated_at") VALUES ($1, $2, $3, $4) RETURNING "key"[0m  [["key", "environment"], ["value", "development"], ["created_at", "2020-09-24 16:46:49.877918"], ["updated_at", "2020-09-24 16:46:49.877918"]]
  [1m[35m (0.3ms)[0m  [1m[35mCOMMIT[0m
  [1m[35m (0.3ms)[0m  [1m[34mSELECT pg_advisory_unlock(3143646318693608280)[0m
  [1m[35m (0.8ms)[0m  [1m[34mSELECT "schema_migrations"."version" FROM "schema_migrations" ORDER BY "schema_migrations"."version" ASC[0m
  [1m[35m (0.7ms)[0m  [1m[34mSELECT "schema_migrations"."version" FROM "schema_migrations" ORDER BY "schema_migrations"."version" ASC[0m
  [1m[35m (0.1ms)[0m  [1m[35mBEGIN[0m
  [1m[36mPark Create (0.8ms)[0m  [1m[32mINSERT INTO "parks" ("name", "description", "location", "avg_visitors", "created_at", "updated_at") VALUES ($1, $2, $3, $4, $5, $6) RETURNING "id"[0m  [["name", "Yellowstone"], ["description", "supervolcano"], ["location", "Wyoming"], ["avg_visitors", 4000000], ["created_at", "2020-09-24 16:47:30.813107"], ["updated_at", "2020-09-24 16:47:30.813107"]]
  [1m[35m (0.3ms)[0m  [1m[35mCOMMIT[0m
  [1m[35m (0.1ms)[0m  [1m[35mBEGIN[0m
  [1m[36mPark Create (0.5ms)[0m  [1m[32mINSERT INTO "parks" ("name", "description", "location", "avg_visitors", "created_at", "updated_at") VALUES ($1, $2, $3, $4, $5, $6) RETURNING "id"[0m  [["name", "Yosemite"], ["description", "wildlife"], ["location", "California"], ["avg_visitors", 4500000], ["created_at", "2020-09-24 16:47:30.817898"], ["updated_at", "2020-09-24 16:47:30.817898"]]
  [1m[35m (0.3ms)[0m  [1m[35mCOMMIT[0m
  [1m[35m (0.1ms)[0m  [1m[35mBEGIN[0m
  [1m[36mPark Create (0.4ms)[0m  [1m[32mINSERT INTO "parks" ("name", "description", "location", "avg_visitors", "created_at", "updated_at") VALUES ($1, $2, $3, $4, $5, $6) RETURNING "id"[0m  [["name", "Zion"], ["description", "canyons"], ["location", "Utah"], ["avg_visitors", 4500000], ["created_at", "2020-09-24 16:47:30.822479"], ["updated_at", "2020-09-24 16:47:30.822479"]]
  [1m[35m (0.2ms)[0m  [1m[35mCOMMIT[0m
  [1m[35m (0.1ms)[0m  [1m[35mBEGIN[0m
  [1m[36mPark Create (0.4ms)[0m  [1m[32mINSERT INTO "parks" ("name", "description", "location", "avg_visitors", "created_at", "updated_at") VALUES ($1, $2, $3, $4, $5, $6) RETURNING "id"[0m  [["name", "Acadia"], ["description", "coast"], ["location", "Maine"], ["avg_visitors", 3400000], ["created_at", "2020-09-24 16:47:30.826203"], ["updated_at", "2020-09-24 16:47:30.826203"]]
  [1m[35m (0.2ms)[0m  [1m[35mCOMMIT[0m
  [1m[35m (0.1ms)[0m  [1m[35mBEGIN[0m
  [1m[36mPark Create (0.3ms)[0m  [1m[32mINSERT INTO "parks" ("name", "description", "location", "avg_visitors", "created_at", "updated_at") VALUES ($1, $2, $3, $4, $5, $6) RETURNING "id"[0m  [["name", "Grand Canyon"], ["description", "large canyon"], ["location", "Arizona"], ["avg_visitors", 6000000], ["created_at", "2020-09-24 16:47:30.830060"], ["updated_at", "2020-09-24 16:47:30.830060"]]
  [1m[35m (0.3ms)[0m  [1m[35mCOMMIT[0m
  [1m[35m (0.1ms)[0m  [1m[35mBEGIN[0m
  [1m[36mPark Create (0.3ms)[0m  [1m[32mINSERT INTO "parks" ("name", "description", "location", "avg_visitors", "created_at", "updated_at") VALUES ($1, $2, $3, $4, $5, $6) RETURNING "id"[0m  [["name", "Glacier"], ["description", "mountains"], ["location", "Montana"], ["avg_visitors", 3000000], ["created_at", "2020-09-24 16:47:30.833530"], ["updated_at", "2020-09-24 16:47:30.833530"]]
  [1m[35m (0.3ms)[0m  [1m[35mCOMMIT[0m
  [1m[35m (0.1ms)[0m  [1m[35mBEGIN[0m
  [1m[36mPark Create (0.3ms)[0m  [1m[32mINSERT INTO "parks" ("name", "description", "location", "avg_visitors", "created_at", "updated_at") VALUES ($1, $2, $3, $4, $5, $6) RETURNING "id"[0m  [["name", "Olympic"], ["description", "rainforest"], ["location", "Washington"], ["avg_visitors", 3200000], ["created_at", "2020-09-24 16:47:30.837255"], ["updated_at", "2020-09-24 16:47:30.837255"]]
  [1m[35m (0.2ms)[0m  [1m[35mCOMMIT[0m
  [1m[35m (0.1ms)[0m  [1m[35mBEGIN[0m
  [1m[36mPark Create (0.5ms)[0m  [1m[32mINSERT INTO "parks" ("name", "description", "location", "avg_visitors", "created_at", "updated_at") VALUES ($1, $2, $3, $4, $5, $6) RETURNING "id"[0m  [["name", "Great Smoky Mountains"], ["description", "wildlife"], ["location", "Tennessee"], ["avg_visitors", 12500000], ["created_at", "2020-09-24 16:47:30.841160"], ["updated_at", "2020-09-24 16:47:30.841160"]]
  [1m[35m (0.5ms)[0m  [1m[35mCOMMIT[0m
Started GET "/parks" for ::1 at 2020-09-24 12:47:41 -0400
  [1m[35m (0.9ms)[0m  [1m[34mSELECT "schema_migrations"."version" FROM "schema_migrations" ORDER BY "schema_migrations"."version" ASC[0m
Processing by ParksController#index as HTML
  [1m[36mPark Load (0.6ms)[0m  [1m[34mSELECT "parks".* FROM "parks"[0m
  ↳ app/controllers/parks_controller.rb:8:in `index'
Completed 200 OK in 21ms (Views: 12.6ms | ActiveRecord: 7.2ms | Allocations: 6421)


Started GET "/parks" for ::1 at 2020-09-24 12:47:43 -0400
Processing by ParksController#index as HTML
  [1m[36mPark Load (0.4ms)[0m  [1m[34mSELECT "parks".* FROM "parks"[0m
  ↳ app/controllers/parks_controller.rb:8:in `index'
Completed 200 OK in 3ms (Views: 2.5ms | ActiveRecord: 0.4ms | Allocations: 1862)


Started GET "/parks" for ::1 at 2020-09-24 12:51:50 -0400
  [1m[35m (0.9ms)[0m  [1m[34mSELECT "schema_migrations"."version" FROM "schema_migrations" ORDER BY "schema_migrations"."version" ASC[0m
Processing by ParksController#index as HTML
  [1m[36mPark Load (0.6ms)[0m  [1m[34mSELECT "parks".* FROM "parks"[0m
  ↳ app/controllers/parks_controller.rb:8:in `index'
Completed 200 OK in 21ms (Views: 10.8ms | ActiveRecord: 8.9ms | Allocations: 6423)


Started GET "/parks/1" for ::1 at 2020-09-24 12:51:54 -0400
Processing by ParksController#show as HTML
  Parameters: {"id"=>"1"}
  [1m[36mPark Load (0.4ms)[0m  [1m[34mSELECT "parks".* FROM "parks" WHERE "parks"."id" = $1 LIMIT $2[0m  [["id", 1], ["LIMIT", 1]]
  ↳ app/controllers/parks_controller.rb:44:in `set_park'
Completed 200 OK in 4ms (Views: 0.5ms | ActiveRecord: 0.6ms | Allocations: 1184)


Started GET "/parks/1" for ::1 at 2020-09-24 12:53:56 -0400
Processing by ParksController#show as HTML
  Parameters: {"id"=>"1"}
  [1m[36mPark Load (0.5ms)[0m  [1m[34mSELECT "parks".* FROM "parks" WHERE "parks"."id" = $1 LIMIT $2[0m  [["id", 1], ["LIMIT", 1]]
  ↳ app/controllers/parks_controller.rb:44:in `set_park'
Completed 200 OK in 2ms (Views: 0.3ms | ActiveRecord: 0.5ms | Allocations: 770)


Started POST "/parks" for ::1 at 2020-09-24 14:41:25 -0400
  [1m[35m (1.4ms)[0m  [1m[34mSELECT "schema_migrations"."version" FROM "schema_migrations" ORDER BY "schema_migrations"."version" ASC[0m
Processing by ParksController#create as */*
Completed 400 Bad Request in 2ms (ActiveRecord: 0.0ms | Allocations: 455)


  
ActionController::ParameterMissing (param is missing or the value is empty: park):
  
app/controllers/parks_controller.rb:49:in `park_params'
app/controllers/parks_controller.rb:18:in `create'
Started GET "/parks" for ::1 at 2020-09-24 14:42:11 -0400
Processing by ParksController#index as */*
  [1m[36mPark Load (0.8ms)[0m  [1m[34mSELECT "parks".* FROM "parks"[0m
  ↳ app/controllers/parks_controller.rb:8:in `index'
Completed 200 OK in 24ms (Views: 11.7ms | ActiveRecord: 11.4ms | Allocations: 6111)


Started GET "/parks/1" for ::1 at 2020-09-24 14:42:21 -0400
Processing by ParksController#show as */*
  Parameters: {"id"=>"1"}
  [1m[36mPark Load (0.4ms)[0m  [1m[34mSELECT "parks".* FROM "parks" WHERE "parks"."id" = $1 LIMIT $2[0m  [["id", 1], ["LIMIT", 1]]
  ↳ app/controllers/parks_controller.rb:44:in `set_park'
Completed 200 OK in 11ms (Views: 0.7ms | ActiveRecord: 0.7ms | Allocations: 2183)


Started POST "/parks" for ::1 at 2020-09-24 14:43:11 -0400
Error occurred while parsing request parameters.
Contents:

    "name": "Nickerson",
    "description": "forest",
    "location": "Massachusetts",
    "avg_visitors": 100000,
  
ActionDispatch::Http::Parameters::ParseError (783: unexpected token at ': "Nickerson",
    "description": "forest",
    "location": "Massachusetts",
    "avg_visitors": 100000,'):
  
actionpack (6.0.3.3) lib/action_dispatch/http/parameters.rb:114:in `rescue in parse_formatted_parameters'
actionpack (6.0.3.3) lib/action_dispatch/http/parameters.rb:110:in `parse_formatted_parameters'
actionpack (6.0.3.3) lib/action_dispatch/http/request.rb:389:in `block in POST'
rack (2.2.3) lib/rack/request.rb:69:in `fetch'
rack (2.2.3) lib/rack/request.rb:69:in `fetch_header'
actionpack (6.0.3.3) lib/action_dispatch/http/request.rb:388:in `POST'
actionpack (6.0.3.3) lib/action_dispatch/http/parameters.rb:55:in `parameters'
actionpack (6.0.3.3) lib/action_controller/metal/params_wrapper.rb:278:in `_wrapper_enabled?'
actionpack (6.0.3.3) lib/action_controller/metal/params_wrapper.rb:244:in `process_action'
activerecord (6.0.3.3) lib/active_record/railties/controller_runtime.rb:27:in `process_action'
actionpack (6.0.3.3) lib/abstract_controller/base.rb:136:in `process'
actionpack (6.0.3.3) lib/action_controller/metal.rb:190:in `dispatch'
actionpack (6.0.3.3) lib/action_controller/metal.rb:254:in `dispatch'
actionpack (6.0.3.3) lib/action_dispatch/routing/route_set.rb:50:in `dispatch'
actionpack (6.0.3.3) lib/action_dispatch/routing/route_set.rb:33:in `serve'
actionpack (6.0.3.3) lib/action_dispatch/journey/router.rb:49:in `block in serve'
actionpack (6.0.3.3) lib/action_dispatch/journey/router.rb:32:in `each'
actionpack (6.0.3.3) lib/action_dispatch/journey/router.rb:32:in `serve'
actionpack (6.0.3.3) lib/action_dispatch/routing/route_set.rb:834:in `call'
rack (2.2.3) lib/rack/etag.rb:27:in `call'
rack (2.2.3) lib/rack/conditional_get.rb:40:in `call'
rack (2.2.3) lib/rack/head.rb:12:in `call'
activerecord (6.0.3.3) lib/active_record/migration.rb:567:in `call'
actionpack (6.0.3.3) lib/action_dispatch/middleware/callbacks.rb:27:in `block in call'
activesupport (6.0.3.3) lib/active_support/callbacks.rb:101:in `run_callbacks'
actionpack (6.0.3.3) lib/action_dispatch/middleware/callbacks.rb:26:in `call'
actionpack (6.0.3.3) lib/action_dispatch/middleware/executor.rb:14:in `call'
actionpack (6.0.3.3) lib/action_dispatch/middleware/actionable_exceptions.rb:17:in `call'
actionpack (6.0.3.3) lib/action_dispatch/middleware/debug_exceptions.rb:32:in `call'
actionpack (6.0.3.3) lib/action_dispatch/middleware/show_exceptions.rb:33:in `call'
railties (6.0.3.3) lib/rails/rack/logger.rb:37:in `call_app'
railties (6.0.3.3) lib/rails/rack/logger.rb:26:in `block in call'
activesupport (6.0.3.3) lib/active_support/tagged_logging.rb:80:in `block in tagged'
activesupport (6.0.3.3) lib/active_support/tagged_logging.rb:28:in `tagged'
activesupport (6.0.3.3) lib/active_support/tagged_logging.rb:80:in `tagged'
railties (6.0.3.3) lib/rails/rack/logger.rb:26:in `call'
actionpack (6.0.3.3) lib/action_dispatch/middleware/remote_ip.rb:81:in `call'
actionpack (6.0.3.3) lib/action_dispatch/middleware/request_id.rb:27:in `call'
rack (2.2.3) lib/rack/runtime.rb:22:in `call'
activesupport (6.0.3.3) lib/active_support/cache/strategy/local_cache_middleware.rb:29:in `call'
actionpack (6.0.3.3) lib/action_dispatch/middleware/executor.rb:14:in `call'
actionpack (6.0.3.3) lib/action_dispatch/middleware/static.rb:126:in `call'
rack (2.2.3) lib/rack/sendfile.rb:110:in `call'
actionpack (6.0.3.3) lib/action_dispatch/middleware/host_authorization.rb:82:in `call'
rack-cors (1.1.1) lib/rack/cors.rb:100:in `call'
railties (6.0.3.3) lib/rails/engine.rb:527:in `call'
puma (4.3.6) lib/puma/configuration.rb:228:in `call'
puma (4.3.6) lib/puma/server.rb:713:in `handle_request'
puma (4.3.6) lib/puma/server.rb:472:in `process_client'
puma (4.3.6) lib/puma/server.rb:328:in `block in run'
puma (4.3.6) lib/puma/thread_pool.rb:134:in `block in spawn_thread'
Error occurred while parsing request parameters.
Contents:

    "name": "Nickerson",
    "description": "forest",
    "location": "Massachusetts",
    "avg_visitors": 100000,
Started POST "/parks" for ::1 at 2020-09-24 14:53:45 -0400
Processing by ParksController#create as */*
  Parameters: {"name"=>"Nickerson", "description"=>"forest", "location"=>"Massachusetts", "avg_visitors"=>100000, "park"=>{"name"=>"Nickerson", "description"=>"forest", "location"=>"Massachusetts", "avg_visitors"=>100000}}
  [1m[35m (0.1ms)[0m  [1m[35mBEGIN[0m
  ↳ app/controllers/parks_controller.rb:20:in `create'
  [1m[36mPark Create (0.9ms)[0m  [1m[32mINSERT INTO "parks" ("name", "description", "location", "avg_visitors", "created_at", "updated_at") VALUES ($1, $2, $3, $4, $5, $6) RETURNING "id"[0m  [["name", "Nickerson"], ["description", "forest"], ["location", "Massachusetts"], ["avg_visitors", 100000], ["created_at", "2020-09-24 18:53:45.856597"], ["updated_at", "2020-09-24 18:53:45.856597"]]
  ↳ app/controllers/parks_controller.rb:20:in `create'
  [1m[35m (3.9ms)[0m  [1m[35mCOMMIT[0m
  ↳ app/controllers/parks_controller.rb:20:in `create'
Completed 201 Created in 11ms (Views: 1.6ms | ActiveRecord: 5.0ms | Allocations: 2838)


Started GET "/parks" for ::1 at 2020-09-24 14:53:55 -0400
Processing by ParksController#index as HTML
  [1m[36mPark Load (0.5ms)[0m  [1m[34mSELECT "parks".* FROM "parks"[0m
  ↳ app/controllers/parks_controller.rb:8:in `index'
Completed 200 OK in 4ms (Views: 3.1ms | ActiveRecord: 0.5ms | Allocations: 2045)


Started GET "/parks" for ::1 at 2020-09-24 14:57:41 -0400
Processing by ParksController#index as */*
  Parameters: {"name"=>"Nickerson", "description"=>"forest", "location"=>"Massachusetts", "avg_visitors"=>100000, "park"=>{"name"=>"Nickerson", "description"=>"forest", "location"=>"Massachusetts", "avg_visitors"=>100000}}
  [1m[36mPark Load (0.5ms)[0m  [1m[34mSELECT "parks".* FROM "parks"[0m
  ↳ app/controllers/parks_controller.rb:8:in `index'
Completed 200 OK in 4ms (Views: 3.2ms | ActiveRecord: 0.5ms | Allocations: 1991)


Started GET "/parks/1" for ::1 at 2020-09-24 14:57:53 -0400
Processing by ParksController#show as */*
  Parameters: {"name"=>"Nickerson", "description"=>"forest", "location"=>"Massachusetts", "avg_visitors"=>100000, "id"=>"1", "park"=>{"name"=>"Nickerson", "description"=>"forest", "location"=>"Massachusetts", "avg_visitors"=>100000}}
  [1m[36mPark Load (0.5ms)[0m  [1m[34mSELECT "parks".* FROM "parks" WHERE "parks"."id" = $1 LIMIT $2[0m  [["id", 1], ["LIMIT", 1]]
  ↳ app/controllers/parks_controller.rb:44:in `set_park'
Completed 200 OK in 3ms (Views: 0.4ms | ActiveRecord: 0.7ms | Allocations: 810)


Started POST "/parks" for ::1 at 2020-09-24 14:58:46 -0400
Processing by ParksController#create as */*
  Parameters: {"name"=>"Nickerson State", "description"=>"forest", "location"=>"Massachusetts", "avg_visitors"=>100000, "park"=>{"name"=>"Nickerson State", "description"=>"forest", "location"=>"Massachusetts", "avg_visitors"=>100000}}
  [1m[35m (0.2ms)[0m  [1m[35mBEGIN[0m
  ↳ app/controllers/parks_controller.rb:20:in `create'
  [1m[36mPark Create (0.8ms)[0m  [1m[32mINSERT INTO "parks" ("name", "description", "location", "avg_visitors", "created_at", "updated_at") VALUES ($1, $2, $3, $4, $5, $6) RETURNING "id"[0m  [["name", "Nickerson State"], ["description", "forest"], ["location", "Massachusetts"], ["avg_visitors", 100000], ["created_at", "2020-09-24 18:58:46.945692"], ["updated_at", "2020-09-24 18:58:46.945692"]]
  ↳ app/controllers/parks_controller.rb:20:in `create'
  [1m[35m (2.9ms)[0m  [1m[35mCOMMIT[0m
  ↳ app/controllers/parks_controller.rb:20:in `create'
Completed 201 Created in 13ms (Views: 0.6ms | ActiveRecord: 3.8ms | Allocations: 2578)


Started GET "/parks" for ::1 at 2020-09-24 14:58:56 -0400
Processing by ParksController#index as */*
  Parameters: {"name"=>"Nickerson State", "description"=>"forest", "location"=>"Massachusetts", "avg_visitors"=>100000, "park"=>{"name"=>"Nickerson State", "description"=>"forest", "location"=>"Massachusetts", "avg_visitors"=>100000}}
  [1m[36mPark Load (0.4ms)[0m  [1m[34mSELECT "parks".* FROM "parks"[0m
  ↳ app/controllers/parks_controller.rb:8:in `index'
Completed 200 OK in 6ms (Views: 5.6ms | ActiveRecord: 0.4ms | Allocations: 2100)


Started PUT "/parks/10" for ::1 at 2020-09-24 14:59:35 -0400
Processing by ParksController#update as */*
  Parameters: {"name"=>"Nickerson State Parkkkkkkk", "description"=>"forest", "location"=>"Massachusetts", "avg_visitors"=>100000, "id"=>"10", "park"=>{"name"=>"Nickerson State Parkkkkkkk", "description"=>"forest", "location"=>"Massachusetts", "avg_visitors"=>100000}}
  [1m[36mPark Load (0.4ms)[0m  [1m[34mSELECT "parks".* FROM "parks" WHERE "parks"."id" = $1 LIMIT $2[0m  [["id", 10], ["LIMIT", 1]]
  ↳ app/controllers/parks_controller.rb:44:in `set_park'
  [1m[35m (0.2ms)[0m  [1m[35mBEGIN[0m
  ↳ app/controllers/parks_controller.rb:29:in `update'
  [1m[36mPark Update (0.5ms)[0m  [1m[33mUPDATE "parks" SET "name" = $1, "updated_at" = $2 WHERE "parks"."id" = $3[0m  [["name", "Nickerson State Parkkkkkkk"], ["updated_at", "2020-09-24 18:59:35.374006"], ["id", 10]]
  ↳ app/controllers/parks_controller.rb:29:in `update'
  [1m[35m (2.9ms)[0m  [1m[35mCOMMIT[0m
  ↳ app/controllers/parks_controller.rb:29:in `update'
Completed 200 OK in 22ms (Views: 0.4ms | ActiveRecord: 4.1ms | Allocations: 3154)


Started GET "/parks" for ::1 at 2020-09-24 14:59:46 -0400
Processing by ParksController#index as */*
  Parameters: {"name"=>"Nickerson State Parkkkkkkk", "description"=>"forest", "location"=>"Massachusetts", "avg_visitors"=>100000, "park"=>{"name"=>"Nickerson State Parkkkkkkk", "description"=>"forest", "location"=>"Massachusetts", "avg_visitors"=>100000}}
  [1m[36mPark Load (0.3ms)[0m  [1m[34mSELECT "parks".* FROM "parks"[0m
  ↳ app/controllers/parks_controller.rb:8:in `index'
Completed 200 OK in 3ms (Views: 2.7ms | ActiveRecord: 0.3ms | Allocations: 2101)


Started DELETE "/parks/10" for ::1 at 2020-09-24 15:00:02 -0400
Processing by ParksController#destroy as */*
  Parameters: {"name"=>"Nickerson State Parkkkkkkk", "description"=>"forest", "location"=>"Massachusetts", "avg_visitors"=>100000, "id"=>"10", "park"=>{"name"=>"Nickerson State Parkkkkkkk", "description"=>"forest", "location"=>"Massachusetts", "avg_visitors"=>100000}}
  [1m[36mPark Load (0.4ms)[0m  [1m[34mSELECT "parks".* FROM "parks" WHERE "parks"."id" = $1 LIMIT $2[0m  [["id", 10], ["LIMIT", 1]]
  ↳ app/controllers/parks_controller.rb:44:in `set_park'
  [1m[35m (0.1ms)[0m  [1m[35mBEGIN[0m
  ↳ app/controllers/parks_controller.rb:38:in `destroy'
  [1m[36mPark Destroy (0.3ms)[0m  [1m[31mDELETE FROM "parks" WHERE "parks"."id" = $1[0m  [["id", 10]]
  ↳ app/controllers/parks_controller.rb:38:in `destroy'
  [1m[35m (0.4ms)[0m  [1m[35mCOMMIT[0m
  ↳ app/controllers/parks_controller.rb:38:in `destroy'
Completed 204 No Content in 5ms (ActiveRecord: 1.3ms | Allocations: 2445)


Started GET "/parks" for ::1 at 2020-09-24 15:00:09 -0400
Processing by ParksController#index as */*
  Parameters: {"name"=>"Nickerson State Parkkkkkkk", "description"=>"forest", "location"=>"Massachusetts", "avg_visitors"=>100000, "park"=>{"name"=>"Nickerson State Parkkkkkkk", "description"=>"forest", "location"=>"Massachusetts", "avg_visitors"=>100000}}
  [1m[36mPark Load (0.3ms)[0m  [1m[34mSELECT "parks".* FROM "parks"[0m
  ↳ app/controllers/parks_controller.rb:8:in `index'
Completed 200 OK in 3ms (Views: 2.4ms | ActiveRecord: 0.3ms | Allocations: 1975)


Started GET "/parks" for ::1 at 2020-09-24 15:07:50 -0400
  [1m[35m (0.7ms)[0m  [1m[34mSELECT "schema_migrations"."version" FROM "schema_migrations" ORDER BY "schema_migrations"."version" ASC[0m
Processing by ParksController#index as HTML
  [1m[36mPark Load (0.6ms)[0m  [1m[34mSELECT "parks".* FROM "parks"[0m
  ↳ app/controllers/parks_controller.rb:8:in `index'
Completed 200 OK in 19ms (Views: 9.4ms | ActiveRecord: 7.4ms | Allocations: 6550)


Started GET "/parks/1" for ::1 at 2020-09-24 15:36:20 -0400
Processing by ParksController#show as */*
  Parameters: {"id"=>"1"}
  [1m[36mPark Load (0.7ms)[0m  [1m[34mSELECT "parks".* FROM "parks" WHERE "parks"."id" = $1 LIMIT $2[0m  [["id", 1], ["LIMIT", 1]]
  ↳ app/controllers/parks_controller.rb:44:in `set_park'
Completed 200 OK in 16ms (Views: 0.5ms | ActiveRecord: 1.8ms | Allocations: 2273)


Started GET "/parks/1" for ::1 at 2020-09-24 15:40:19 -0400
Processing by ParksController#show as */*
  Parameters: {"id"=>"1"}
  [1m[36mPark Load (0.8ms)[0m  [1m[34mSELECT "parks".* FROM "parks" WHERE "parks"."id" = $1 LIMIT $2[0m  [["id", 1], ["LIMIT", 1]]
  ↳ app/controllers/parks_controller.rb:44:in `set_park'
Completed 200 OK in 3ms (Views: 0.5ms | ActiveRecord: 0.8ms | Allocations: 771)


Started GET "/parks/1" for ::1 at 2020-09-24 15:41:41 -0400
Processing by ParksController#show as */*
  Parameters: {"id"=>"1"}
  [1m[36mPark Load (0.5ms)[0m  [1m[34mSELECT "parks".* FROM "parks" WHERE "parks"."id" = $1 LIMIT $2[0m  [["id", 1], ["LIMIT", 1]]
  ↳ app/controllers/parks_controller.rb:44:in `set_park'
Completed 200 OK in 3ms (Views: 0.3ms | ActiveRecord: 0.5ms | Allocations: 771)


Started GET "/parks" for ::1 at 2020-09-24 15:44:40 -0400
Processing by ParksController#index as */*
  [1m[36mPark Load (0.5ms)[0m  [1m[34mSELECT "parks".* FROM "parks"[0m
  ↳ app/controllers/parks_controller.rb:8:in `index'
Completed 200 OK in 5ms (Views: 3.8ms | ActiveRecord: 0.5ms | Allocations: 1974)


Started GET "/parks" for ::1 at 2020-09-24 15:49:56 -0400
Processing by ParksController#index as */*
  [1m[36mPark Load (1.0ms)[0m  [1m[34mSELECT "parks".* FROM "parks"[0m
  ↳ app/controllers/parks_controller.rb:8:in `index'
Completed 200 OK in 5ms (Views: 4.0ms | ActiveRecord: 1.0ms | Allocations: 2068)


Started GET "/parks" for ::1 at 2020-09-24 15:50:02 -0400
Processing by ParksController#index as */*
  [1m[36mPark Load (0.4ms)[0m  [1m[34mSELECT "parks".* FROM "parks"[0m
  ↳ app/controllers/parks_controller.rb:8:in `index'
Completed 200 OK in 4ms (Views: 3.6ms | ActiveRecord: 0.4ms | Allocations: 1991)


Started GET "/parks" for ::1 at 2020-09-24 15:50:37 -0400
Processing by ParksController#index as HTML
  [1m[36mPark Load (0.3ms)[0m  [1m[34mSELECT "parks".* FROM "parks"[0m
  ↳ app/controllers/parks_controller.rb:8:in `index'
Completed 200 OK in 3ms (Views: 2.7ms | ActiveRecord: 0.3ms | Allocations: 1971)


Started GET "/parks" for ::1 at 2020-09-24 15:51:55 -0400
Processing by ParksController#index as */*
  [1m[36mPark Load (0.4ms)[0m  [1m[34mSELECT "parks".* FROM "parks"[0m
  ↳ app/controllers/parks_controller.rb:8:in `index'
Completed 200 OK in 5ms (Views: 3.9ms | ActiveRecord: 0.4ms | Allocations: 1973)


Started GET "/parks" for ::1 at 2020-09-24 15:53:09 -0400
  [1m[35m (1.4ms)[0m  [1m[34mSELECT "schema_migrations"."version" FROM "schema_migrations" ORDER BY "schema_migrations"."version" ASC[0m
Processing by ParksController#index as */*
  [1m[36mPark Load (0.6ms)[0m  [1m[34mSELECT "parks".* FROM "parks"[0m
  ↳ app/controllers/parks_controller.rb:8:in `index'
Completed 200 OK in 21ms (Views: 11.4ms | ActiveRecord: 8.2ms | Allocations: 6552)


Started GET "/parks" for ::1 at 2020-09-24 15:54:06 -0400
Processing by ParksController#index as */*
  [1m[36mPark Load (0.7ms)[0m  [1m[34mSELECT "parks".* FROM "parks"[0m
  ↳ app/controllers/parks_controller.rb:8:in `index'
Completed 200 OK in 5ms (Views: 3.5ms | ActiveRecord: 0.7ms | Allocations: 1991)


Started GET "/parks" for ::1 at 2020-09-24 15:54:49 -0400
Processing by ParksController#index as */*
  [1m[36mPark Load (0.4ms)[0m  [1m[34mSELECT "parks".* FROM "parks"[0m
  ↳ app/controllers/parks_controller.rb:8:in `index'
Completed 200 OK in 5ms (Views: 4.0ms | ActiveRecord: 0.4ms | Allocations: 1991)


Started GET "/parks" for ::1 at 2020-09-24 15:55:26 -0400
Processing by ParksController#index as */*
  [1m[36mPark Load (0.5ms)[0m  [1m[34mSELECT "parks".* FROM "parks"[0m
  ↳ app/controllers/parks_controller.rb:8:in `index'
Completed 200 OK in 5ms (Views: 3.8ms | ActiveRecord: 0.5ms | Allocations: 1973)


Started GET "/parks" for ::1 at 2020-09-24 15:55:33 -0400
Processing by ParksController#index as */*
  [1m[36mPark Load (0.5ms)[0m  [1m[34mSELECT "parks".* FROM "parks"[0m
  ↳ app/controllers/parks_controller.rb:8:in `index'
Completed 200 OK in 4ms (Views: 3.4ms | ActiveRecord: 0.5ms | Allocations: 1973)


Started GET "/parks" for ::1 at 2020-09-24 15:59:41 -0400
Processing by ParksController#index as */*
  [1m[36mPark Load (0.8ms)[0m  [1m[34mSELECT "parks".* FROM "parks"[0m
  ↳ app/controllers/parks_controller.rb:8:in `index'
Completed 200 OK in 5ms (Views: 4.1ms | ActiveRecord: 0.8ms | Allocations: 1991)


Started GET "/parks" for ::1 at 2020-09-24 16:00:37 -0400
Processing by ParksController#index as */*
  [1m[36mPark Load (1.2ms)[0m  [1m[34mSELECT "parks".* FROM "parks"[0m
  ↳ app/controllers/parks_controller.rb:8:in `index'
Completed 200 OK in 7ms (Views: 5.6ms | ActiveRecord: 1.2ms | Allocations: 1991)


Started GET "/parks" for ::1 at 2020-09-24 16:00:53 -0400
Processing by ParksController#index as HTML
  [1m[36mPark Load (0.4ms)[0m  [1m[34mSELECT "parks".* FROM "parks"[0m
  ↳ app/controllers/parks_controller.rb:8:in `index'
Completed 200 OK in 5ms (Views: 4.0ms | ActiveRecord: 0.4ms | Allocations: 1972)


Started GET "/parks" for ::1 at 2020-09-24 16:00:55 -0400
Processing by ParksController#index as HTML
  [1m[36mPark Load (0.4ms)[0m  [1m[34mSELECT "parks".* FROM "parks"[0m
  ↳ app/controllers/parks_controller.rb:8:in `index'
Completed 200 OK in 3ms (Views: 2.4ms | ActiveRecord: 0.4ms | Allocations: 1971)


Started GET "/parks" for ::1 at 2020-09-24 16:01:15 -0400
Processing by ParksController#index as */*
  [1m[36mPark Load (0.5ms)[0m  [1m[34mSELECT "parks".* FROM "parks"[0m
  ↳ app/controllers/parks_controller.rb:8:in `index'
Completed 200 OK in 4ms (Views: 3.4ms | ActiveRecord: 0.5ms | Allocations: 1973)


Started GET "/parks" for ::1 at 2020-09-24 16:12:30 -0400
Processing by ParksController#index as */*
  [1m[36mPark Load (1.0ms)[0m  [1m[34mSELECT "parks".* FROM "parks"[0m
  ↳ app/controllers/parks_controller.rb:8:in `index'
Completed 200 OK in 4ms (Views: 3.1ms | ActiveRecord: 1.0ms | Allocations: 2068)


Started GET "/parks" for ::1 at 2020-09-24 17:12:35 -0400
  [1m[35m (0.9ms)[0m  [1m[34mSELECT "schema_migrations"."version" FROM "schema_migrations" ORDER BY "schema_migrations"."version" ASC[0m
Processing by ParksController#index as */*
  [1m[36mPark Load (0.9ms)[0m  [1m[34mSELECT "parks".* FROM "parks"[0m
  ↳ app/controllers/parks_controller.rb:8:in `index'
Completed 200 OK in 21ms (Views: 9.4ms | ActiveRecord: 9.7ms | Allocations: 6552)


Started GET "/parks" for ::1 at 2020-09-24 17:12:38 -0400
Processing by ParksController#index as */*
  [1m[36mPark Load (2.0ms)[0m  [1m[34mSELECT "parks".* FROM "parks"[0m
  ↳ app/controllers/parks_controller.rb:8:in `index'
Completed 200 OK in 7ms (Views: 4.8ms | ActiveRecord: 2.0ms | Allocations: 2025)


Started GET "/parks" for ::1 at 2020-09-24 17:13:02 -0400
Processing by ParksController#index as */*
  [1m[36mPark Load (0.4ms)[0m  [1m[34mSELECT "parks".* FROM "parks"[0m
  ↳ app/controllers/parks_controller.rb:8:in `index'
Completed 200 OK in 4ms (Views: 2.8ms | ActiveRecord: 0.4ms | Allocations: 1991)


Started GET "/parks" for ::1 at 2020-09-24 17:13:02 -0400
Processing by ParksController#index as */*
  [1m[36mPark Load (0.4ms)[0m  [1m[34mSELECT "parks".* FROM "parks"[0m
  ↳ app/controllers/parks_controller.rb:8:in `index'
Completed 200 OK in 3ms (Views: 2.7ms | ActiveRecord: 0.4ms | Allocations: 1973)


Started GET "/parks" for ::1 at 2020-09-24 17:13:04 -0400
Processing by ParksController#index as */*
  [1m[36mPark Load (0.5ms)[0m  [1m[34mSELECT "parks".* FROM "parks"[0m
  ↳ app/controllers/parks_controller.rb:8:in `index'
Completed 200 OK in 5ms (Views: 3.8ms | ActiveRecord: 0.5ms | Allocations: 1973)


Started GET "/parks" for ::1 at 2020-09-24 17:13:04 -0400
Processing by ParksController#index as */*
  [1m[36mPark Load (0.5ms)[0m  [1m[34mSELECT "parks".* FROM "parks"[0m
  ↳ app/controllers/parks_controller.rb:8:in `index'
Completed 200 OK in 3ms (Views: 2.7ms | ActiveRecord: 0.5ms | Allocations: 1973)


Started GET "/parks" for ::1 at 2020-09-24 17:15:12 -0400
Processing by ParksController#index as */*
  [1m[36mPark Load (0.4ms)[0m  [1m[34mSELECT "parks".* FROM "parks"[0m
  ↳ app/controllers/parks_controller.rb:8:in `index'
Completed 200 OK in 4ms (Views: 3.5ms | ActiveRecord: 0.4ms | Allocations: 1991)


Started GET "/parks" for ::1 at 2020-09-24 17:15:12 -0400
Processing by ParksController#index as */*
  [1m[36mPark Load (0.5ms)[0m  [1m[34mSELECT "parks".* FROM "parks"[0m
  ↳ app/controllers/parks_controller.rb:8:in `index'
Completed 200 OK in 5ms (Views: 4.3ms | ActiveRecord: 0.5ms | Allocations: 1973)


Started POST "/parks" for ::1 at 2020-09-24 17:15:41 -0400
Processing by ParksController#create as HTML
  Parameters: {"name"=>"banana", "description"=>"Mizuno Heel Flex Power Close Infielder Glove", "location"=>"South Dakota", "avg_visitors"=>"3000000", "park"=>{"name"=>"banana", "description"=>"Mizuno Heel Flex Power Close Infielder Glove", "location"=>"South Dakota", "avg_visitors"=>"3000000"}}
  [1m[35m (0.2ms)[0m  [1m[35mBEGIN[0m
  ↳ app/controllers/parks_controller.rb:20:in `create'
  [1m[36mPark Create (0.7ms)[0m  [1m[32mINSERT INTO "parks" ("name", "description", "location", "avg_visitors", "created_at", "updated_at") VALUES ($1, $2, $3, $4, $5, $6) RETURNING "id"[0m  [["name", "banana"], ["description", "Mizuno Heel Flex Power Close Infielder Glove"], ["location", "South Dakota"], ["avg_visitors", 3000000], ["created_at", "2020-09-24 21:15:41.658248"], ["updated_at", "2020-09-24 21:15:41.658248"]]
  ↳ app/controllers/parks_controller.rb:20:in `create'
  [1m[35m (0.4ms)[0m  [1m[35mCOMMIT[0m
  ↳ app/controllers/parks_controller.rb:20:in `create'
Completed 201 Created in 8ms (Views: 1.3ms | ActiveRecord: 1.3ms | Allocations: 2831)


Started POST "/parks" for ::1 at 2020-09-24 17:15:43 -0400
Processing by ParksController#create as HTML
  Parameters: {"author"=>"", "content"=>"", "title"=>"", "park"=>{}}
Completed 400 Bad Request in 0ms (ActiveRecord: 0.0ms | Allocations: 138)


  
ActionController::ParameterMissing (param is missing or the value is empty: park):
  
app/controllers/parks_controller.rb:49:in `park_params'
app/controllers/parks_controller.rb:18:in `create'
Started GET "/parks" for ::1 at 2020-09-24 17:16:01 -0400
Processing by ParksController#index as */*
  [1m[36mPark Load (0.8ms)[0m  [1m[34mSELECT "parks".* FROM "parks"[0m
  ↳ app/controllers/parks_controller.rb:8:in `index'
Completed 200 OK in 8ms (Views: 6.4ms | ActiveRecord: 0.8ms | Allocations: 2135)


Started GET "/parks" for ::1 at 2020-09-24 17:16:01 -0400
Processing by ParksController#index as */*
  [1m[36mPark Load (1.7ms)[0m  [1m[34mSELECT "parks".* FROM "parks"[0m
  ↳ app/controllers/parks_controller.rb:8:in `index'
Completed 200 OK in 9ms (Views: 6.7ms | ActiveRecord: 1.7ms | Allocations: 2101)


Started POST "/parks" for ::1 at 2020-09-24 17:16:40 -0400
Processing by ParksController#create as HTML
  Parameters: {"name"=>"Holy Mountains", "description"=>"Good brewing", "location"=>"Company", "avg_visitors"=>"23424950", "park"=>{"name"=>"Holy Mountains", "description"=>"Good brewing", "location"=>"Company", "avg_visitors"=>"23424950"}}
  [1m[35m (0.1ms)[0m  [1m[35mBEGIN[0m
  ↳ app/controllers/parks_controller.rb:20:in `create'
  [1m[36mPark Create (0.4ms)[0m  [1m[32mINSERT INTO "parks" ("name", "description", "location", "avg_visitors", "created_at", "updated_at") VALUES ($1, $2, $3, $4, $5, $6) RETURNING "id"[0m  [["name", "Holy Mountains"], ["description", "Good brewing"], ["location", "Company"], ["avg_visitors", 23424950], ["created_at", "2020-09-24 21:16:40.735538"], ["updated_at", "2020-09-24 21:16:40.735538"]]
  ↳ app/controllers/parks_controller.rb:20:in `create'
  [1m[35m (0.3ms)[0m  [1m[35mCOMMIT[0m
  ↳ app/controllers/parks_controller.rb:20:in `create'
Completed 201 Created in 7ms (Views: 0.8ms | ActiveRecord: 0.9ms | Allocations: 2623)


Started POST "/parks" for ::1 at 2020-09-24 17:16:41 -0400
Processing by ParksController#create as HTML
  Parameters: {"author"=>"", "content"=>"", "title"=>"", "park"=>{}}
Completed 400 Bad Request in 0ms (ActiveRecord: 0.0ms | Allocations: 134)


  
ActionController::ParameterMissing (param is missing or the value is empty: park):
  
app/controllers/parks_controller.rb:49:in `park_params'
app/controllers/parks_controller.rb:18:in `create'
Started GET "/parks" for ::1 at 2020-09-24 17:17:58 -0400
  [1m[35m (1.0ms)[0m  [1m[34mSELECT "schema_migrations"."version" FROM "schema_migrations" ORDER BY "schema_migrations"."version" ASC[0m
Processing by ParksController#index as */*
  [1m[36mPark Load (0.6ms)[0m  [1m[34mSELECT "parks".* FROM "parks"[0m
  ↳ app/controllers/parks_controller.rb:8:in `index'
Completed 200 OK in 27ms (Views: 14.7ms | ActiveRecord: 10.3ms | Allocations: 6808)


Started GET "/parks" for ::1 at 2020-09-24 17:17:58 -0400
Processing by ParksController#index as */*
  [1m[36mPark Load (0.4ms)[0m  [1m[34mSELECT "parks".* FROM "parks"[0m
  ↳ app/controllers/parks_controller.rb:8:in `index'
Completed 200 OK in 4ms (Views: 3.1ms | ActiveRecord: 0.4ms | Allocations: 2229)


Started GET "/parks" for ::1 at 2020-09-24 17:41:21 -0400
Processing by ParksController#index as */*
  [1m[36mPark Load (0.7ms)[0m  [1m[34mSELECT "parks".* FROM "parks"[0m
  ↳ app/controllers/parks_controller.rb:8:in `index'
Completed 200 OK in 6ms (Views: 4.5ms | ActiveRecord: 0.7ms | Allocations: 2336)


Started GET "/parks" for ::1 at 2020-09-24 17:41:21 -0400
Processing by ParksController#index as */*
  [1m[36mPark Load (2.5ms)[0m  [1m[34mSELECT "parks".* FROM "parks"[0m
  ↳ app/controllers/parks_controller.rb:8:in `index'
Completed 200 OK in 7ms (Views: 4.4ms | ActiveRecord: 2.5ms | Allocations: 2229)


Started POST "/parks" for ::1 at 2020-09-24 17:42:04 -0400
Processing by ParksController#create as HTML
  Parameters: {"name"=>"Cool Park", "description"=>"its cool", "location"=>"cool place", "avg_visitors"=>"6", "park"=>{"name"=>"Cool Park", "description"=>"its cool", "location"=>"cool place", "avg_visitors"=>"6"}}
  [1m[35m (0.1ms)[0m  [1m[35mBEGIN[0m
  ↳ app/controllers/parks_controller.rb:20:in `create'
  [1m[36mPark Create (1.4ms)[0m  [1m[32mINSERT INTO "parks" ("name", "description", "location", "avg_visitors", "created_at", "updated_at") VALUES ($1, $2, $3, $4, $5, $6) RETURNING "id"[0m  [["name", "Cool Park"], ["description", "its cool"], ["location", "cool place"], ["avg_visitors", 6], ["created_at", "2020-09-24 21:42:04.721383"], ["updated_at", "2020-09-24 21:42:04.721383"]]
  ↳ app/controllers/parks_controller.rb:20:in `create'
  [1m[35m (1.2ms)[0m  [1m[35mCOMMIT[0m
  ↳ app/controllers/parks_controller.rb:20:in `create'
Completed 201 Created in 9ms (Views: 1.0ms | ActiveRecord: 2.8ms | Allocations: 2847)


Started POST "/parks" for ::1 at 2020-09-24 17:42:06 -0400
Processing by ParksController#create as HTML
  Parameters: {"author"=>"", "content"=>"", "title"=>"", "park"=>{}}
Completed 400 Bad Request in 1ms (ActiveRecord: 0.0ms | Allocations: 140)


  
ActionController::ParameterMissing (param is missing or the value is empty: park):
  
app/controllers/parks_controller.rb:49:in `park_params'
app/controllers/parks_controller.rb:18:in `create'
Started GET "/parks" for ::1 at 2020-09-24 17:52:24 -0400
  [1m[35m (0.8ms)[0m  [1m[34mSELECT "schema_migrations"."version" FROM "schema_migrations" ORDER BY "schema_migrations"."version" ASC[0m
Processing by ParksController#index as HTML
  [1m[36mPark Load (0.5ms)[0m  [1m[34mSELECT "parks".* FROM "parks"[0m
  ↳ app/controllers/parks_controller.rb:8:in `index'
Completed 200 OK in 21ms (Views: 12.1ms | ActiveRecord: 8.1ms | Allocations: 6933)


